# JRE version: Java(TM) SE Runtime Environment (8.0_221-b11) (build 1.8.0_221-b11)
# Java VM: Java HotSpot(TM) 64-Bit Server VM (25.221-b11 mixed mode windows-amd64 compressed oops)
Heap:
 PSYoungGen      total 24064K, used 15100K [0x00000000eac00000, 0x00000000ecb00000, 0x0000000100000000)
  eden space 16384K, 81% used [0x00000000eac00000,0x00000000eb909b28,0x00000000ebc00000)
  from space 7680K, 22% used [0x00000000ec380000,0x00000000ec5356d0,0x00000000ecb00000)
  to   space 7680K, 0% used [0x00000000ebc00000,0x00000000ebc00000,0x00000000ec380000)
 ParOldGen       total 31744K, used 10708K [0x00000000c0400000, 0x00000000c2300000, 0x00000000eac00000)
  object space 31744K, 33% used [0x00000000c0400000,0x00000000c0e752c8,0x00000000c2300000)
 Metaspace       used 23007K, capacity 24642K, committed 24832K, reserved 1071104K
  class space    used 3280K, capacity 3566K, committed 3584K, reserved 1048576K
GC Heap History (10 events):
Event: 3.089 GC heap before
{Heap before GC invocations=3 (full 0):
 PSYoungGen      total 18944K, used 18896K [0x00000000eac00000, 0x00000000ec100000, 0x0000000100000000)
  eden space 16384K, 99% used [0x00000000eac00000,0x00000000ebbfc218,0x00000000ebc00000)
  from space 2560K, 98% used [0x00000000ebe80000,0x00000000ec0f8030,0x00000000ec100000)
  to   space 2560K, 0% used [0x00000000ebc00000,0x00000000ebc00000,0x00000000ebe80000)
 ParOldGen       total 44032K, used 1016K [0x00000000c0400000, 0x00000000c2f00000, 0x00000000eac00000)
  object space 44032K, 2% used [0x00000000c0400000,0x00000000c04fe060,0x00000000c2f00000)
 Metaspace       used 15344K, capacity 15942K, committed 16256K, reserved 1062912K
  class space    used 2189K, capacity 2334K, committed 2432K, reserved 1048576K
Event: 3.095 GC heap after
Heap after GC invocations=3 (full 0):
 PSYoungGen      total 18944K, used 2528K [0x00000000eac00000, 0x00000000ec100000, 0x0000000100000000)
  eden space 16384K, 0% used [0x00000000eac00000,0x00000000eac00000,0x00000000ebc00000)
  from space 2560K, 98% used [0x00000000ebc00000,0x00000000ebe78020,0x00000000ebe80000)
  to   space 2560K, 0% used [0x00000000ebe80000,0x00000000ebe80000,0x00000000ec100000)
 ParOldGen       total 44032K, used 2312K [0x00000000c0400000, 0x00000000c2f00000, 0x00000000eac00000)
  object space 44032K, 5% used [0x00000000c0400000,0x00000000c0642218,0x00000000c2f00000)
 Metaspace       used 15344K, capacity 15942K, committed 16256K, reserved 1062912K
  class space    used 2189K, capacity 2334K, committed 2432K, reserved 1048576K
}
Event: 4.483 GC heap before
{Heap before GC invocations=4 (full 0):
 PSYoungGen      total 18944K, used 18912K [0x00000000eac00000, 0x00000000ec100000, 0x0000000100000000)
  eden space 16384K, 100% used [0x00000000eac00000,0x00000000ebc00000,0x00000000ebc00000)
  from space 2560K, 98% used [0x00000000ebc00000,0x00000000ebe78020,0x00000000ebe80000)
  to   space 2560K, 0% used [0x00000000ebe80000,0x00000000ebe80000,0x00000000ec100000)
 ParOldGen       total 44032K, used 2312K [0x00000000c0400000, 0x00000000c2f00000, 0x00000000eac00000)
  object space 44032K, 5% used [0x00000000c0400000,0x00000000c0642218,0x00000000c2f00000)
 Metaspace       used 18497K, capacity 19692K, committed 19968K, reserved 1067008K
  class space    used 2738K, capacity 2959K, committed 3072K, reserved 1048576K
Event: 4.491 GC heap after
Heap after GC invocations=4 (full 0):
 PSYoungGen      total 18944K, used 2544K [0x00000000eac00000, 0x00000000ec100000, 0x0000000100000000)
  eden space 16384K, 0% used [0x00000000eac00000,0x00000000eac00000,0x00000000ebc00000)
  from space 2560K, 99% used [0x00000000ebe80000,0x00000000ec0fc030,0x00000000ec100000)
  to   space 2560K, 0% used [0x00000000ebc00000,0x00000000ebc00000,0x00000000ebe80000)
 ParOldGen       total 44032K, used 4544K [0x00000000c0400000, 0x00000000c2f00000, 0x00000000eac00000)
  object space 44032K, 10% used [0x00000000c0400000,0x00000000c0870248,0x00000000c2f00000)
 Metaspace       used 18497K, capacity 19692K, committed 19968K, reserved 1067008K
  class space    used 2738K, capacity 2959K, committed 3072K, reserved 1048576K
}
Event: 41.759 GC heap before
{Heap before GC invocations=5 (full 0):
 PSYoungGen      total 18944K, used 11533K [0x00000000eac00000, 0x00000000ec100000, 0x0000000100000000)
  eden space 16384K, 54% used [0x00000000eac00000,0x00000000eb4c7708,0x00000000ebc00000)
  from space 2560K, 99% used [0x00000000ebe80000,0x00000000ec0fc030,0x00000000ec100000)
  to   space 2560K, 0% used [0x00000000ebc00000,0x00000000ebc00000,0x00000000ebe80000)
 ParOldGen       total 44032K, used 4544K [0x00000000c0400000, 0x00000000c2f00000, 0x00000000eac00000)
  object space 44032K, 10% used [0x00000000c0400000,0x00000000c0870248,0x00000000c2f00000)
 Metaspace       used 19929K, capacity 21226K, committed 21296K, reserved 1067008K
  class space    used 2930K, capacity 3160K, committed 3200K, reserved 1048576K
Event: 41.802 GC heap after
Heap after GC invocations=5 (full 0):
 PSYoungGen      total 18944K, used 2544K [0x00000000eac00000, 0x00000000ecb00000, 0x0000000100000000)
  eden space 16384K, 0% used [0x00000000eac00000,0x00000000eac00000,0x00000000ebc00000)
  from space 2560K, 99% used [0x00000000ebc00000,0x00000000ebe7c040,0x00000000ebe80000)
  to   space 7680K, 0% used [0x00000000ec380000,0x00000000ec380000,0x00000000ecb00000)
 ParOldGen       total 44032K, used 8513K [0x00000000c0400000, 0x00000000c2f00000, 0x00000000eac00000)
  object space 44032K, 19% used [0x00000000c0400000,0x00000000c0c50658,0x00000000c2f00000)
 Metaspace       used 19929K, capacity 21226K, committed 21296K, reserved 1067008K
  class space    used 2930K, capacity 3160K, committed 3200K, reserved 1048576K
}
Event: 41.802 GC heap before
{Heap before GC invocations=6 (full 1):
 PSYoungGen      total 18944K, used 2544K [0x00000000eac00000, 0x00000000ecb00000, 0x0000000100000000)
  eden space 16384K, 0% used [0x00000000eac00000,0x00000000eac00000,0x00000000ebc00000)
  from space 2560K, 99% used [0x00000000ebc00000,0x00000000ebe7c040,0x00000000ebe80000)
  to   space 7680K, 0% used [0x00000000ec380000,0x00000000ec380000,0x00000000ecb00000)
 ParOldGen       total 44032K, used 8513K [0x00000000c0400000, 0x00000000c2f00000, 0x00000000eac00000)
  object space 44032K, 19% used [0x00000000c0400000,0x00000000c0c50658,0x00000000c2f00000)
 Metaspace       used 19929K, capacity 21226K, committed 21296K, reserved 1067008K
  class space    used 2930K, capacity 3160K, committed 3200K, reserved 1048576K
Event: 41.922 GC heap after
Heap after GC invocations=6 (full 1):
 PSYoungGen      total 18944K, used 0K [0x00000000eac00000, 0x00000000ecb00000, 0x0000000100000000)
  eden space 16384K, 0% used [0x00000000eac00000,0x00000000eac00000,0x00000000ebc00000)
  from space 2560K, 0% used [0x00000000ebc00000,0x00000000ebc00000,0x00000000ebe80000)
  to   space 7680K, 0% used [0x00000000ec380000,0x00000000ec380000,0x00000000ecb00000)
 ParOldGen       total 31744K, used 10700K [0x00000000c0400000, 0x00000000c2300000, 0x00000000eac00000)
  object space 31744K, 33% used [0x00000000c0400000,0x00000000c0e732c8,0x00000000c2300000)
 Metaspace       used 19929K, capacity 21226K, committed 21296K, reserved 1067008K
  class space    used 2930K, capacity 3160K, committed 3200K, reserved 1048576K
}
Event: 60.720 GC heap before
{Heap before GC invocations=7 (full 1):
 PSYoungGen      total 18944K, used 16384K [0x00000000eac00000, 0x00000000ecb00000, 0x0000000100000000)
  eden space 16384K, 100% used [0x00000000eac00000,0x00000000ebc00000,0x00000000ebc00000)
  from space 2560K, 0% used [0x00000000ebc00000,0x00000000ebc00000,0x00000000ebe80000)
  to   space 7680K, 0% used [0x00000000ec380000,0x00000000ec380000,0x00000000ecb00000)
 ParOldGen       total 31744K, used 10700K [0x00000000c0400000, 0x00000000c2300000, 0x00000000eac00000)
  object space 31744K, 33% used [0x00000000c0400000,0x00000000c0e732c8,0x00000000c2300000)
 Metaspace       used 22351K, capacity 23836K, committed 24064K, reserved 1069056K
  class space    used 3204K, capacity 3469K, committed 3584K, reserved 1048576K
Event: 60.725 GC heap after
Heap after GC invocations=7 (full 1):
 PSYoungGen      total 24064K, used 1749K [0x00000000eac00000, 0x00000000ecb00000, 0x0000000100000000)
  eden space 16384K, 0% used [0x00000000eac00000,0x00000000eac00000,0x00000000ebc00000)
  from space 7680K, 22% used [0x00000000ec380000,0x00000000ec5356d0,0x00000000ecb00000)
  to   space 7680K, 0% used [0x00000000ebc00000,0x00000000ebc00000,0x00000000ec380000)
 ParOldGen       total 31744K, used 10708K [0x00000000c0400000, 0x00000000c2300000, 0x00000000eac00000)
  object space 31744K, 33% used [0x00000000c0400000,0x00000000c0e752c8,0x00000000c2300000)
 Metaspace       used 22351K, capacity 23836K, committed 24064K, reserved 1069056K
  class space    used 3204K, capacity 3469K, committed 3584K, reserved 1048576K
}

