# JRE version: Java(TM) SE Runtime Environment (8.0_221-b11) (build 1.8.0_221-b11)
# Java VM: Java HotSpot(TM) 64-Bit Server VM (25.221-b11 mixed mode windows-amd64 compressed oops)
Heap:
 PSYoungGen      total 24064K, used 14822K [0x00000000eac00000, 0x00000000ecb00000, 0x0000000100000000)
  eden space 16384K, 79% used [0x00000000eac00000,0x00000000eb8b43f0,0x00000000ebc00000)
  from space 7680K, 23% used [0x00000000ec380000,0x00000000ec5456d0,0x00000000ecb00000)
  to   space 7680K, 0% used [0x00000000ebc00000,0x00000000ebc00000,0x00000000ec380000)
 ParOldGen       total 31744K, used 10642K [0x00000000c0400000, 0x00000000c2300000, 0x00000000eac00000)
  object space 31744K, 33% used [0x00000000c0400000,0x00000000c0e64a18,0x00000000c2300000)
 Metaspace       used 22972K, capacity 24578K, committed 24832K, reserved 1071104K
  class space    used 3280K, capacity 3566K, committed 3584K, reserved 1048576K
GC Heap History (10 events):
Event: 3.424 GC heap before
{Heap before GC invocations=3 (full 0):
 PSYoungGen      total 18944K, used 18928K [0x00000000eac00000, 0x00000000ec100000, 0x0000000100000000)
  eden space 16384K, 100% used [0x00000000eac00000,0x00000000ebc00000,0x00000000ebc00000)
  from space 2560K, 99% used [0x00000000ebe80000,0x00000000ec0fc030,0x00000000ec100000)
  to   space 2560K, 0% used [0x00000000ebc00000,0x00000000ebc00000,0x00000000ebe80000)
 ParOldGen       total 44032K, used 984K [0x00000000c0400000, 0x00000000c2f00000, 0x00000000eac00000)
  object space 44032K, 2% used [0x00000000c0400000,0x00000000c04f6040,0x00000000c2f00000)
 Metaspace       used 15351K, capacity 15942K, committed 16256K, reserved 1062912K
  class space    used 2190K, capacity 2334K, committed 2432K, reserved 1048576K
Event: 3.429 GC heap after
Heap after GC invocations=3 (full 0):
 PSYoungGen      total 18944K, used 2528K [0x00000000eac00000, 0x00000000ec100000, 0x0000000100000000)
  eden space 16384K, 0% used [0x00000000eac00000,0x00000000eac00000,0x00000000ebc00000)
  from space 2560K, 98% used [0x00000000ebc00000,0x00000000ebe78040,0x00000000ebe80000)
  to   space 2560K, 0% used [0x00000000ebe80000,0x00000000ebe80000,0x00000000ec100000)
 ParOldGen       total 44032K, used 2249K [0x00000000c0400000, 0x00000000c2f00000, 0x00000000eac00000)
  object space 44032K, 5% used [0x00000000c0400000,0x00000000c06325c8,0x00000000c2f00000)
 Metaspace       used 15351K, capacity 15942K, committed 16256K, reserved 1062912K
  class space    used 2190K, capacity 2334K, committed 2432K, reserved 1048576K
}
Event: 4.370 GC heap before
{Heap before GC invocations=4 (full 0):
 PSYoungGen      total 18944K, used 18912K [0x00000000eac00000, 0x00000000ec100000, 0x0000000100000000)
  eden space 16384K, 100% used [0x00000000eac00000,0x00000000ebc00000,0x00000000ebc00000)
  from space 2560K, 98% used [0x00000000ebc00000,0x00000000ebe78040,0x00000000ebe80000)
  to   space 2560K, 0% used [0x00000000ebe80000,0x00000000ebe80000,0x00000000ec100000)
 ParOldGen       total 44032K, used 2249K [0x00000000c0400000, 0x00000000c2f00000, 0x00000000eac00000)
  object space 44032K, 5% used [0x00000000c0400000,0x00000000c06325c8,0x00000000c2f00000)
 Metaspace       used 18543K, capacity 19760K, committed 19968K, reserved 1067008K
  class space    used 2737K, capacity 2959K, committed 3072K, reserved 1048576K
Event: 4.376 GC heap after
Heap after GC invocations=4 (full 0):
 PSYoungGen      total 18944K, used 2544K [0x00000000eac00000, 0x00000000ec100000, 0x0000000100000000)
  eden space 16384K, 0% used [0x00000000eac00000,0x00000000eac00000,0x00000000ebc00000)
  from space 2560K, 99% used [0x00000000ebe80000,0x00000000ec0fc030,0x00000000ec100000)
  to   space 2560K, 0% used [0x00000000ebc00000,0x00000000ebc00000,0x00000000ebe80000)
 ParOldGen       total 44032K, used 4353K [0x00000000c0400000, 0x00000000c2f00000, 0x00000000eac00000)
  object space 44032K, 9% used [0x00000000c0400000,0x00000000c08405c8,0x00000000c2f00000)
 Metaspace       used 18543K, capacity 19760K, committed 19968K, reserved 1067008K
  class space    used 2737K, capacity 2959K, committed 3072K, reserved 1048576K
}
Event: 37.193 GC heap before
{Heap before GC invocations=5 (full 0):
 PSYoungGen      total 18944K, used 11527K [0x00000000eac00000, 0x00000000ec100000, 0x0000000100000000)
  eden space 16384K, 54% used [0x00000000eac00000,0x00000000eb4c5f30,0x00000000ebc00000)
  from space 2560K, 99% used [0x00000000ebe80000,0x00000000ec0fc030,0x00000000ec100000)
  to   space 2560K, 0% used [0x00000000ebc00000,0x00000000ebc00000,0x00000000ebe80000)
 ParOldGen       total 44032K, used 4353K [0x00000000c0400000, 0x00000000c2f00000, 0x00000000eac00000)
  object space 44032K, 9% used [0x00000000c0400000,0x00000000c08405c8,0x00000000c2f00000)
 Metaspace       used 19944K, capacity 21230K, committed 21296K, reserved 1067008K
  class space    used 2930K, capacity 3160K, committed 3200K, reserved 1048576K
Event: 37.211 GC heap after
Heap after GC invocations=5 (full 0):
 PSYoungGen      total 18944K, used 2544K [0x00000000eac00000, 0x00000000ecb00000, 0x0000000100000000)
  eden space 16384K, 0% used [0x00000000eac00000,0x00000000eac00000,0x00000000ebc00000)
  from space 2560K, 99% used [0x00000000ebc00000,0x00000000ebe7c030,0x00000000ebe80000)
  to   space 7680K, 0% used [0x00000000ec380000,0x00000000ec380000,0x00000000ecb00000)
 ParOldGen       total 44032K, used 8308K [0x00000000c0400000, 0x00000000c2f00000, 0x00000000eac00000)
  object space 44032K, 18% used [0x00000000c0400000,0x00000000c0c1d098,0x00000000c2f00000)
 Metaspace       used 19944K, capacity 21230K, committed 21296K, reserved 1067008K
  class space    used 2930K, capacity 3160K, committed 3200K, reserved 1048576K
}
Event: 37.211 GC heap before
{Heap before GC invocations=6 (full 1):
 PSYoungGen      total 18944K, used 2544K [0x00000000eac00000, 0x00000000ecb00000, 0x0000000100000000)
  eden space 16384K, 0% used [0x00000000eac00000,0x00000000eac00000,0x00000000ebc00000)
  from space 2560K, 99% used [0x00000000ebc00000,0x00000000ebe7c030,0x00000000ebe80000)
  to   space 7680K, 0% used [0x00000000ec380000,0x00000000ec380000,0x00000000ecb00000)
 ParOldGen       total 44032K, used 8308K [0x00000000c0400000, 0x00000000c2f00000, 0x00000000eac00000)
  object space 44032K, 18% used [0x00000000c0400000,0x00000000c0c1d098,0x00000000c2f00000)
 Metaspace       used 19944K, capacity 21230K, committed 21296K, reserved 1067008K
  class space    used 2930K, capacity 3160K, committed 3200K, reserved 1048576K
Event: 37.332 GC heap after
Heap after GC invocations=6 (full 1):
 PSYoungGen      total 18944K, used 0K [0x00000000eac00000, 0x00000000ecb00000, 0x0000000100000000)
  eden space 16384K, 0% used [0x00000000eac00000,0x00000000eac00000,0x00000000ebc00000)
  from space 2560K, 0% used [0x00000000ebc00000,0x00000000ebc00000,0x00000000ebe80000)
  to   space 7680K, 0% used [0x00000000ec380000,0x00000000ec380000,0x00000000ecb00000)
 ParOldGen       total 31744K, used 10634K [0x00000000c0400000, 0x00000000c2300000, 0x00000000eac00000)
  object space 31744K, 33% used [0x00000000c0400000,0x00000000c0e62a18,0x00000000c2300000)
 Metaspace       used 19944K, capacity 21230K, committed 21296K, reserved 1067008K
  class space    used 2930K, capacity 3160K, committed 3200K, reserved 1048576K
}
Event: 55.510 GC heap before
{Heap before GC invocations=7 (full 1):
 PSYoungGen      total 18944K, used 16384K [0x00000000eac00000, 0x00000000ecb00000, 0x0000000100000000)
  eden space 16384K, 100% used [0x00000000eac00000,0x00000000ebc00000,0x00000000ebc00000)
  from space 2560K, 0% used [0x00000000ebc00000,0x00000000ebc00000,0x00000000ebe80000)
  to   space 7680K, 0% used [0x00000000ec380000,0x00000000ec380000,0x00000000ecb00000)
 ParOldGen       total 31744K, used 10634K [0x00000000c0400000, 0x00000000c2300000, 0x00000000eac00000)
  object space 31744K, 33% used [0x00000000c0400000,0x00000000c0e62a18,0x00000000c2300000)
 Metaspace       used 22331K, capacity 23840K, committed 24064K, reserved 1069056K
  class space    used 3204K, capacity 3469K, committed 3584K, reserved 1048576K
Event: 55.514 GC heap after
Heap after GC invocations=7 (full 1):
 PSYoungGen      total 24064K, used 1813K [0x00000000eac00000, 0x00000000ecb00000, 0x0000000100000000)
  eden space 16384K, 0% used [0x00000000eac00000,0x00000000eac00000,0x00000000ebc00000)
  from space 7680K, 23% used [0x00000000ec380000,0x00000000ec5456d0,0x00000000ecb00000)
  to   space 7680K, 0% used [0x00000000ebc00000,0x00000000ebc00000,0x00000000ec380000)
 ParOldGen       total 31744K, used 10642K [0x00000000c0400000, 0x00000000c2300000, 0x00000000eac00000)
  object space 31744K, 33% used [0x00000000c0400000,0x00000000c0e64a18,0x00000000c2300000)
 Metaspace       used 22331K, capacity 23840K, committed 24064K, reserved 1069056K
  class space    used 3204K, capacity 3469K, committed 3584K, reserved 1048576K
}

